<?xml version="1.0" encoding="UTF-8"?>
<!-- Generated by org.testng.reporters.JUnitXMLReporter -->
<testsuite hostname="WKWIN2688392" ignored="0" name="search-test-java" tests="3" failures="1" timestamp="01 Jun 2020 14:13:47 GMT" time="22.139" errors="0">
  <testcase name="search" time="5.455" classname="com.searchmodule.tests.SearchTest"/>
  <testcase name="searchfailuretest" time="1.624" classname="com.searchmodule.tests.SearchTest">
    <skipped/>
  </testcase> <!-- searchfailuretest -->
  <testcase name="searchfailuretest" time="2.372" classname="com.searchmodule.tests.SearchTest">
    <failure type="java.lang.AssertionError" message="expected [true] but found [false]">
      <![CDATA[java.lang.AssertionError: expected [true] but found [false]
	at com.searchmodule.tests.SearchTest.searchfailuretest(SearchTest.java:48)
... Removed 28 stack frames]]>
    </failure>
  </testcase> <!-- searchfailuretest -->
</testsuite> <!-- search-test-java -->
